Using pre-set license
Built from '2021.3/staging' branch; Version is '2021.3.5f1 (40eb3a945986) revision 4254522'; Using compiler version '192829333'; Build Type 'Release'
OS: 'Windows 10  (10.0.19044) 64bit Professional' Language: 'pt' Physical Memory: 8105 MB
BatchMode: 1, IsHumanControllingUs: 0, StartBugReporterOnCrash: 0, Is64bit: 1, IsPro: 1

COMMAND LINE ARGUMENTS:
C:\Program Files\Unity\Hub\Editor\2021.3.5f1\Editor\Unity.exe
-adb2
-batchMode
-noUpm
-name
AssetImportWorker0
-projectPath
C:/Users/Bruno Resende/Desktop/My Stuff/Uni shit/Ano 2/DV/Alien-Survivor
-logFile
Logs/AssetImportWorker0.log
-srvPort
55259
Successfully changed project path to: C:/Users/Bruno Resende/Desktop/My Stuff/Uni shit/Ano 2/DV/Alien-Survivor
C:/Users/Bruno Resende/Desktop/My Stuff/Uni shit/Ano 2/DV/Alien-Survivor
[UnityMemory] Configuration Parameters - Can be set up in boot.config
    "memorysetup-bucket-allocator-granularity=16"
    "memorysetup-bucket-allocator-bucket-count=8"
    "memorysetup-bucket-allocator-block-size=33554432"
    "memorysetup-bucket-allocator-block-count=8"
    "memorysetup-main-allocator-block-size=16777216"
    "memorysetup-thread-allocator-block-size=16777216"
    "memorysetup-gfx-main-allocator-block-size=16777216"
    "memorysetup-gfx-thread-allocator-block-size=16777216"
    "memorysetup-cache-allocator-block-size=4194304"
    "memorysetup-typetree-allocator-block-size=2097152"
    "memorysetup-profiler-bucket-allocator-granularity=16"
    "memorysetup-profiler-bucket-allocator-bucket-count=8"
    "memorysetup-profiler-bucket-allocator-block-size=33554432"
    "memorysetup-profiler-bucket-allocator-block-count=8"
    "memorysetup-profiler-allocator-block-size=16777216"
    "memorysetup-profiler-editor-allocator-block-size=1048576"
    "memorysetup-temp-allocator-size-main=16777216"
    "memorysetup-job-temp-allocator-block-size=2097152"
    "memorysetup-job-temp-allocator-block-size-background=1048576"
    "memorysetup-job-temp-allocator-reduction-small-platforms=262144"
    "memorysetup-temp-allocator-size-background-worker=32768"
    "memorysetup-temp-allocator-size-job-worker=262144"
    "memorysetup-temp-allocator-size-preload-manager=33554432"
    "memorysetup-temp-allocator-size-nav-mesh-worker=65536"
    "memorysetup-temp-allocator-size-audio-worker=65536"
    "memorysetup-temp-allocator-size-cloud-worker=32768"
    "memorysetup-temp-allocator-size-gi-baking-worker=262144"
    "memorysetup-temp-allocator-size-gfx=262144"
Refreshing native plugins compatible for Editor in 185.01 ms, found 3 plugins.
Preloading 0 native plugins for Editor in 0.00 ms.
Initialize engine version: 2021.3.5f1 (40eb3a945986)
[Subsystems] Discovering subsystems at path C:/Program Files/Unity/Hub/Editor/2021.3.5f1/Editor/Data/Resources/UnitySubsystems
[Subsystems] Discovering subsystems at path C:/Users/Bruno Resende/Desktop/My Stuff/Uni shit/Ano 2/DV/Alien-Survivor/Assets
GfxDevice: creating device client; threaded=0; jobified=0
Direct3D:
    Version:  Direct3D 11.0 [level 11.1]
    Renderer: NVIDIA GeForce GTX 1650 SUPER (ID=0x2187)
    Vendor:   NVIDIA
    VRAM:     3955 MB
    Driver:   30.0.15.1215
Initialize mono
Mono path[0] = 'C:/Program Files/Unity/Hub/Editor/2021.3.5f1/Editor/Data/Managed'
Mono path[1] = 'C:/Program Files/Unity/Hub/Editor/2021.3.5f1/Editor/Data/MonoBleedingEdge/lib/mono/unityjit-win32'
Mono config path = 'C:/Program Files/Unity/Hub/Editor/2021.3.5f1/Editor/Data/MonoBleedingEdge/etc'
Using monoOptions --debugger-agent=transport=dt_socket,embedding=1,server=y,suspend=n,address=127.0.0.1:56008
Begin MonoManager ReloadAssembly
Registering precompiled unity dll's ...
Register platform support module: C:/Program Files/Unity/Hub/Editor/2021.3.5f1/Editor/Data/PlaybackEngines/WindowsStandaloneSupport/UnityEditor.WindowsStandalone.Extensions.dll
Registered in 0.021609 seconds.
Native extension for WindowsStandalone target not found
Refreshing native plugins compatible for Editor in 73.10 ms, found 3 plugins.
Preloading 0 native plugins for Editor in 0.00 ms.
Mono: successfully reloaded assembly
- Completed reload, in  1.162 seconds
Domain Reload Profiling:
	ReloadAssembly (1163ms)
		BeginReloadAssembly (98ms)
			ExecutionOrderSort (0ms)
			DisableScriptedObjects (0ms)
			BackupInstance (0ms)
			ReleaseScriptingObjects (0ms)
			CreateAndSetChildDomain (1ms)
		EndReloadAssembly (868ms)
			LoadAssemblies (95ms)
			RebuildTransferFunctionScriptingTraits (0ms)
			SetupTypeCache (389ms)
			ReleaseScriptCaches (0ms)
			RebuildScriptCaches (35ms)
			SetupLoadedEditorAssemblies (366ms)
				LogAssemblyErrors (0ms)
				InitializePlatformSupportModulesInManaged (9ms)
				SetLoadedEditorAssemblies (0ms)
				RefreshPlugins (73ms)
				BeforeProcessingInitializeOnLoad (3ms)
				ProcessInitializeOnLoadAttributes (221ms)
				ProcessInitializeOnLoadMethodAttributes (60ms)
				AfterProcessingInitializeOnLoad (0ms)
				EditorAssembliesLoaded (0ms)
			ExecutionOrderSort2 (0ms)
			AwakeInstancesAfterBackupRestoration (0ms)
Platform modules already initialized, skipping
Registering precompiled user dll's ...
Registered in 0.014223 seconds.
Begin MonoManager ReloadAssembly
Native extension for WindowsStandalone target not found
Refreshing native plugins compatible for Editor in 142.62 ms, found 3 plugins.
Preloading 0 native plugins for Editor in 0.00 ms.
Mono: successfully reloaded assembly
- Completed reload, in  6.190 seconds
Domain Reload Profiling:
	ReloadAssembly (6192ms)
		BeginReloadAssembly (311ms)
			ExecutionOrderSort (0ms)
			DisableScriptedObjects (17ms)
			BackupInstance (0ms)
			ReleaseScriptingObjects (0ms)
			CreateAndSetChildDomain (122ms)
		EndReloadAssembly (5570ms)
			LoadAssemblies (162ms)
			RebuildTransferFunctionScriptingTraits (0ms)
			SetupTypeCache (506ms)
			ReleaseScriptCaches (1ms)
			RebuildScriptCaches (135ms)
			SetupLoadedEditorAssemblies (4525ms)
				LogAssemblyErrors (0ms)
				InitializePlatformSupportModulesInManaged (14ms)
				SetLoadedEditorAssemblies (0ms)
				RefreshPlugins (143ms)
				BeforeProcessingInitializeOnLoad (3737ms)
				ProcessInitializeOnLoadAttributes (556ms)
				ProcessInitializeOnLoadMethodAttributes (60ms)
				AfterProcessingInitializeOnLoad (15ms)
				EditorAssembliesLoaded (0ms)
			ExecutionOrderSort2 (0ms)
			AwakeInstancesAfterBackupRestoration (9ms)
Platform modules already initialized, skipping
========================================================================
Worker process is ready to serve import requests
Launched and connected shader compiler UnityShaderCompiler.exe after 0.33 seconds
Refreshing native plugins compatible for Editor in 0.88 ms, found 3 plugins.
Preloading 0 native plugins for Editor in 0.00 ms.
Unloading 2650 Unused Serialized files (Serialized files now loaded: 0)
Unloading 47 unused Assets / (128.6 KB). Loaded Objects now: 3109.
Memory consumption went from 117.8 MB to 117.6 MB.
Total: 5.169500 ms (FindLiveObjects: 0.897000 ms CreateObjectMapping: 0.405700 ms MarkObjects: 3.760100 ms  DeleteObjects: 0.104900 ms)

AssetImportParameters requested are different than current active one (requested -> active):
  custom:video-decoder-ogg-theora: a1e56fd34408186e4bbccfd4996cb3dc -> 
  custom:container-muxer-webm: aa71ff27fc2769a1b78a27578f13a17b -> 
  custom:container-demuxer-webm: 4f35f7cbe854078d1ac9338744f61a02 -> 
  custom:video-encoder-webm-vp8: eb34c28f22e8b96e1ab97ce403110664 -> 
  custom:audio-encoder-webm-vorbis: bf7c407c2cedff20999df2af8eb42d56 -> 
  custom:framework-win-MediaFoundation: 216162199b28c13a410421893ffa2e32 -> 
  custom:container-demuxer-ogg: 62fdf1f143b41e24485cea50d1cbac27 -> 
  custom:video-decoder-webm-vp8: 9c59270c3fd7afecdb556c50c9e8de78 -> 
  custom:audio-decoder-ogg-vorbis: bf7c407c2cedff20999df2af8eb42d56 -> 
========================================================================
Received Import Request.
  Time since last request: 989309.043823 seconds.
  path: Assets/Scripts/CaveGenerator.cs
  artifactKey: Guid(246936f4c082d0e4591020d6bd108ace) Importer(815301076,1909f56bfc062723c751e8b465ee728b)
Start importing Assets/Scripts/CaveGenerator.cs using Guid(246936f4c082d0e4591020d6bd108ace) Importer(815301076,1909f56bfc062723c751e8b465ee728b)  -> (artifact id: '876f52260823b60af29fea6f983ce97d') in 0.998406 seconds 
========================================================================
Received Import Request.
  Time since last request: 212.973094 seconds.
  path: Assets/New Advanced Rule Override Tile.asset
  artifactKey: Guid(3f76dcc5ffa43c54d856d62988d75532) Importer(815301076,1909f56bfc062723c751e8b465ee728b)
Start importing Assets/New Advanced Rule Override Tile.asset using Guid(3f76dcc5ffa43c54d856d62988d75532) Importer(815301076,1909f56bfc062723c751e8b465ee728b)  -> (artifact id: '7033569306523186d6d8f11df584ef7a') in 0.039248 seconds 
========================================================================
Received Import Request.
  Time since last request: 79.691199 seconds.
  path: Assets/Palettes/Ore Palette.prefab
  artifactKey: Guid(57eaf8549308c844481cb6c276fa1659) Importer(815301076,1909f56bfc062723c751e8b465ee728b)
Start importing Assets/Palettes/Ore Palette.prefab using Guid(57eaf8549308c844481cb6c276fa1659) Importer(815301076,1909f56bfc062723c751e8b465ee728b)  -> (artifact id: '9fd8868f83d58569687ba019140540cb') in 0.108069 seconds 
========================================================================
Received Import Request.
  Time since last request: 13.178649 seconds.
  path: Assets/Palettes/Test Palette.prefab
  artifactKey: Guid(d22b7c5bdd554754aa65a6abe933e67f) Importer(815301076,1909f56bfc062723c751e8b465ee728b)
Start importing Assets/Palettes/Test Palette.prefab using Guid(d22b7c5bdd554754aa65a6abe933e67f) Importer(815301076,1909f56bfc062723c751e8b465ee728b)  -> (artifact id: 'e1b6a39fe4efe0798bcddc46cb1be7b5') in 0.019828 seconds 
========================================================================
Received Import Request.
  Time since last request: 55.373997 seconds.
  path: Assets/Palettes/Test Palette.prefab
  artifactKey: Guid(d22b7c5bdd554754aa65a6abe933e67f) Importer(815301076,1909f56bfc062723c751e8b465ee728b)
Start importing Assets/Palettes/Test Palette.prefab using Guid(d22b7c5bdd554754aa65a6abe933e67f) Importer(815301076,1909f56bfc062723c751e8b465ee728b)  -> (artifact id: '884a510f291bbb88878b7399a11ec27a') in 0.025707 seconds 
========================================================================
Received Import Request.
  Time since last request: 44.581933 seconds.
  path: Assets/Tiles/New Advanced Rule Override Tile.asset
  artifactKey: Guid(3f76dcc5ffa43c54d856d62988d75532) Importer(815301076,1909f56bfc062723c751e8b465ee728b)
Start importing Assets/Tiles/New Advanced Rule Override Tile.asset using Guid(3f76dcc5ffa43c54d856d62988d75532) Importer(815301076,1909f56bfc062723c751e8b465ee728b)  -> (artifact id: 'e3193f0a12b5f59af3c41eddeca5942a') in 0.032953 seconds 
========================================================================
Received Import Request.
  Time since last request: 21.761582 seconds.
  path: Assets/Palettes/Test Palette.prefab
  artifactKey: Guid(d22b7c5bdd554754aa65a6abe933e67f) Importer(815301076,1909f56bfc062723c751e8b465ee728b)
Start importing Assets/Palettes/Test Palette.prefab using Guid(d22b7c5bdd554754aa65a6abe933e67f) Importer(815301076,1909f56bfc062723c751e8b465ee728b)  -> (artifact id: '54a149410e33e9d015378f33dda413a1') in 0.012921 seconds 
========================================================================
Received Import Request.
  Time since last request: 60.805106 seconds.
  path: Assets/Palettes/Cave Tiles.prefab
  artifactKey: Guid(f86ec824b5e382f4b9d76383efce42af) Importer(815301076,1909f56bfc062723c751e8b465ee728b)
Start importing Assets/Palettes/Cave Tiles.prefab using Guid(f86ec824b5e382f4b9d76383efce42af) Importer(815301076,1909f56bfc062723c751e8b465ee728b)  -> (artifact id: 'b1cf2b40385da81ffb1c184ae2970b46') in 0.069282 seconds 
========================================================================
Received Prepare
Registering precompiled user dll's ...
Registered in 0.010530 seconds.
Begin MonoManager ReloadAssembly
Native extension for WindowsStandalone target not found
Refreshing native plugins compatible for Editor in 1.18 ms, found 3 plugins.
Preloading 0 native plugins for Editor in 0.00 ms.
Mono: successfully reloaded assembly
- Completed reload, in  2.106 seconds
Domain Reload Profiling:
	ReloadAssembly (2107ms)
		BeginReloadAssembly (233ms)
			ExecutionOrderSort (0ms)
			DisableScriptedObjects (12ms)
			BackupInstance (0ms)
			ReleaseScriptingObjects (0ms)
			CreateAndSetChildDomain (73ms)
		EndReloadAssembly (1616ms)
			LoadAssemblies (151ms)
			RebuildTransferFunctionScriptingTraits (0ms)
			SetupTypeCache (502ms)
			ReleaseScriptCaches (1ms)
			RebuildScriptCaches (83ms)
			SetupLoadedEditorAssemblies (807ms)
				LogAssemblyErrors (0ms)
				InitializePlatformSupportModulesInManaged (21ms)
				SetLoadedEditorAssemblies (2ms)
				RefreshPlugins (1ms)
				BeforeProcessingInitializeOnLoad (212ms)
				ProcessInitializeOnLoadAttributes (492ms)
				ProcessInitializeOnLoadMethodAttributes (60ms)
				AfterProcessingInitializeOnLoad (18ms)
				EditorAssembliesLoaded (0ms)
			ExecutionOrderSort2 (0ms)
			AwakeInstancesAfterBackupRestoration (13ms)
Platform modules already initialized, skipping
Refreshing native plugins compatible for Editor in 3.52 ms, found 3 plugins.
Preloading 0 native plugins for Editor in 0.00 ms.
Unloading 2639 Unused Serialized files (Serialized files now loaded: 0)
Unloading 22 unused Assets / (95.3 KB). Loaded Objects now: 3130.
Memory consumption went from 121.0 MB to 120.9 MB.
Total: 5.175600 ms (FindLiveObjects: 0.198900 ms CreateObjectMapping: 0.178600 ms MarkObjects: 4.765300 ms  DeleteObjects: 0.031500 ms)

AssetImportParameters requested are different than current active one (requested -> active):
  custom:video-decoder-ogg-theora: a1e56fd34408186e4bbccfd4996cb3dc -> 
  custom:container-muxer-webm: aa71ff27fc2769a1b78a27578f13a17b -> 
  custom:container-demuxer-webm: 4f35f7cbe854078d1ac9338744f61a02 -> 
  custom:video-encoder-webm-vp8: eb34c28f22e8b96e1ab97ce403110664 -> 
  custom:audio-encoder-webm-vorbis: bf7c407c2cedff20999df2af8eb42d56 -> 
  custom:framework-win-MediaFoundation: 216162199b28c13a410421893ffa2e32 -> 
  custom:container-demuxer-ogg: 62fdf1f143b41e24485cea50d1cbac27 -> 
  custom:video-decoder-webm-vp8: 9c59270c3fd7afecdb556c50c9e8de78 -> 
  custom:audio-decoder-ogg-vorbis: bf7c407c2cedff20999df2af8eb42d56 -> 
========================================================================
Received Import Request.
  Time since last request: 723.596079 seconds.
  path: Packages/com.unity.2d.tilemap.extras/package.json
  artifactKey: Guid(a9f15b7c9363d9944a7d69248fd279ec) Importer(815301076,1909f56bfc062723c751e8b465ee728b)
Start importing Packages/com.unity.2d.tilemap.extras/package.json using Guid(a9f15b7c9363d9944a7d69248fd279ec) Importer(815301076,1909f56bfc062723c751e8b465ee728b)  -> (artifact id: '02867a034d55a63735d4174deb31e628') in 0.121624 seconds 
========================================================================
Received Import Request.
  Time since last request: 2.152745 seconds.
  path: Packages/com.unity.2d.tilemap.extras/Editor
  artifactKey: Guid(58147b5e82a62ad4aacd2cfa2ef653bc) Importer(815301076,1909f56bfc062723c751e8b465ee728b)
Start importing Packages/com.unity.2d.tilemap.extras/Editor using Guid(58147b5e82a62ad4aacd2cfa2ef653bc) Importer(815301076,1909f56bfc062723c751e8b465ee728b)  -> (artifact id: '02ab7fade1497603b0f2bfc5221c60b1') in 0.008077 seconds 
========================================================================
Received Import Request.
  Time since last request: 0.053623 seconds.
  path: Packages/com.unity.2d.tilemap.extras/Editor/Unity.2D.Tilemap.Extras.Editor.asmdef
  artifactKey: Guid(cbdf09464b6b87745be748a67e5a21a0) Importer(815301076,1909f56bfc062723c751e8b465ee728b)
Start importing Packages/com.unity.2d.tilemap.extras/Editor/Unity.2D.Tilemap.Extras.Editor.asmdef using Guid(cbdf09464b6b87745be748a67e5a21a0) Importer(815301076,1909f56bfc062723c751e8b465ee728b)  -> (artifact id: 'd13c979bffc45609ff8589a42eefd03d') in 0.009105 seconds 
========================================================================
Received Import Request.
  Time since last request: 1.708415 seconds.
  path: Packages/com.unity.2d.tilemap.extras/Editor/Tiles
  artifactKey: Guid(f03b3016bcc582043b27ae775025ef88) Importer(815301076,1909f56bfc062723c751e8b465ee728b)
Start importing Packages/com.unity.2d.tilemap.extras/Editor/Tiles using Guid(f03b3016bcc582043b27ae775025ef88) Importer(815301076,1909f56bfc062723c751e8b465ee728b)  -> (artifact id: '28c37a7845dbcae9a7aece0e845567d7') in 0.008197 seconds 
========================================================================
Received Import Request.
  Time since last request: 2.645254 seconds.
  path: Packages/com.unity.2d.tilemap.extras/Editor/Tiles/RuleTile
  artifactKey: Guid(0fac9738c4893c34785c399d087c715d) Importer(815301076,1909f56bfc062723c751e8b465ee728b)
Start importing Packages/com.unity.2d.tilemap.extras/Editor/Tiles/RuleTile using Guid(0fac9738c4893c34785c399d087c715d) Importer(815301076,1909f56bfc062723c751e8b465ee728b)  -> (artifact id: '85ab160698560a8ce223bfc82313dd2c') in 0.018468 seconds 
========================================================================
Received Import Request.
  Time since last request: 1.157280 seconds.
  path: Packages/com.unity.2d.tilemap.extras/Editor/Tiles/RuleTile/RuleTileEditor.cs
  artifactKey: Guid(139f9377103555b49b8dcd62686df3bf) Importer(815301076,1909f56bfc062723c751e8b465ee728b)
Start importing Packages/com.unity.2d.tilemap.extras/Editor/Tiles/RuleTile/RuleTileEditor.cs using Guid(139f9377103555b49b8dcd62686df3bf) Importer(815301076,1909f56bfc062723c751e8b465ee728b)  -> (artifact id: '9de7bbfbf8b587289545ff569bc317b1') in 0.007326 seconds 
========================================================================
Received Import Request.
  Time since last request: 56.761922 seconds.
  path: Packages/com.unity.2d.tilemap.extras/Editor/Menu
  artifactKey: Guid(123abb5d8f7434106bb182008cbd5f07) Importer(815301076,1909f56bfc062723c751e8b465ee728b)
Start importing Packages/com.unity.2d.tilemap.extras/Editor/Menu using Guid(123abb5d8f7434106bb182008cbd5f07) Importer(815301076,1909f56bfc062723c751e8b465ee728b)  -> (artifact id: '92939c742f8e8870a361f616b663b9b1') in 0.020848 seconds 
========================================================================
Received Import Request.
  Time since last request: 1.861636 seconds.
  path: Packages/com.unity.2d.tilemap.extras/Editor/Menu/MenuItemOrder.cs
  artifactKey: Guid(0f11ba7bd032140bfbcd546d93db1548) Importer(815301076,1909f56bfc062723c751e8b465ee728b)
Start importing Packages/com.unity.2d.tilemap.extras/Editor/Menu/MenuItemOrder.cs using Guid(0f11ba7bd032140bfbcd546d93db1548) Importer(815301076,1909f56bfc062723c751e8b465ee728b)  -> (artifact id: 'dfc8c1fb99b28d8b820d4a2712b1d1d4') in 0.008633 seconds 
========================================================================
Received Import Request.
  Time since last request: 7.571665 seconds.
  path: Packages/com.unity.2d.tilemap.extras/Editor/Menu/CustomRuleTileMenu.cs
  artifactKey: Guid(1a641ca7aea56f8428c8c6efc8e618cb) Importer(815301076,1909f56bfc062723c751e8b465ee728b)
Start importing Packages/com.unity.2d.tilemap.extras/Editor/Menu/CustomRuleTileMenu.cs using Guid(1a641ca7aea56f8428c8c6efc8e618cb) Importer(815301076,1909f56bfc062723c751e8b465ee728b)  -> (artifact id: 'eca0d9fc2a3dafca548f36d2458f677a') in 0.009464 seconds 
========================================================================
Received Import Request.
  Time since last request: 6.595178 seconds.
  path: Packages/com.unity.2d.tilemap.extras/Runtime
  artifactKey: Guid(bb6e0fae761c98e4babad8a6c2188e8d) Importer(815301076,1909f56bfc062723c751e8b465ee728b)
Start importing Packages/com.unity.2d.tilemap.extras/Runtime using Guid(bb6e0fae761c98e4babad8a6c2188e8d) Importer(815301076,1909f56bfc062723c751e8b465ee728b)  -> (artifact id: 'c5f19f1a453d538ec3e4c05f544de364') in 0.021497 seconds 
========================================================================
Received Import Request.
  Time since last request: 0.065735 seconds.
  path: Packages/com.unity.2d.tilemap.extras/Runtime/Unity.2D.Tilemap.Extras.asmdef
  artifactKey: Guid(613783dc1674e844b87788ea74ede0f6) Importer(815301076,1909f56bfc062723c751e8b465ee728b)
Start importing Packages/com.unity.2d.tilemap.extras/Runtime/Unity.2D.Tilemap.Extras.asmdef using Guid(613783dc1674e844b87788ea74ede0f6) Importer(815301076,1909f56bfc062723c751e8b465ee728b)  -> (artifact id: '0d252a1dd24f6e383306b55daccf96d8') in 0.007216 seconds 
========================================================================
Received Import Request.
  Time since last request: 1.639902 seconds.
  path: Packages/com.unity.2d.tilemap.extras/Runtime/Tiles
  artifactKey: Guid(86aeedb511333af45943236d5d6be1b4) Importer(815301076,1909f56bfc062723c751e8b465ee728b)
Start importing Packages/com.unity.2d.tilemap.extras/Runtime/Tiles using Guid(86aeedb511333af45943236d5d6be1b4) Importer(815301076,1909f56bfc062723c751e8b465ee728b)  -> (artifact id: '87b95158e46c746f3c85ed4bf37c393b') in 0.003221 seconds 
========================================================================
Received Import Request.
  Time since last request: 2.614811 seconds.
  path: Packages/com.unity.2d.tilemap.extras/Tests
  artifactKey: Guid(7e501fe6c6911484c907a1a3b00692dd) Importer(815301076,1909f56bfc062723c751e8b465ee728b)
Start importing Packages/com.unity.2d.tilemap.extras/Tests using Guid(7e501fe6c6911484c907a1a3b00692dd) Importer(815301076,1909f56bfc062723c751e8b465ee728b)  -> (artifact id: 'cd925d5672b9c6a5b4036bf22fc0d277') in 0.009811 seconds 
========================================================================
Received Import Request.
  Time since last request: 0.772227 seconds.
  path: Packages/com.unity.2d.tilemap.extras/Tests/Editor
  artifactKey: Guid(b679ec8b3957ea64ebd2626843d0a81e) Importer(815301076,1909f56bfc062723c751e8b465ee728b)
Start importing Packages/com.unity.2d.tilemap.extras/Tests/Editor using Guid(b679ec8b3957ea64ebd2626843d0a81e) Importer(815301076,1909f56bfc062723c751e8b465ee728b)  -> (artifact id: '23eaa043a388864a9fff429c3ffee0c4') in 0.014222 seconds 
========================================================================
Received Import Request.
  Time since last request: 0.086238 seconds.
  path: Packages/com.unity.2d.tilemap.extras/Tests/Editor/Unity.2D.Tilemap.Extras.EditorTests.asmdef
  artifactKey: Guid(6e1c163768a31b44ba01cc5392db861e) Importer(815301076,1909f56bfc062723c751e8b465ee728b)
Start importing Packages/com.unity.2d.tilemap.extras/Tests/Editor/Unity.2D.Tilemap.Extras.EditorTests.asmdef using Guid(6e1c163768a31b44ba01cc5392db861e) Importer(815301076,1909f56bfc062723c751e8b465ee728b)  -> (artifact id: '77d6be863d49a45474cdc8567ba5a317') in 0.007474 seconds 
========================================================================
Received Import Request.
  Time since last request: 3.844300 seconds.
  path: Packages/com.unity.2d.tilemap.extras/Editor/Brushes
  artifactKey: Guid(b56ed00274c3c354593c893dbb7264c6) Importer(815301076,1909f56bfc062723c751e8b465ee728b)
Start importing Packages/com.unity.2d.tilemap.extras/Editor/Brushes using Guid(b56ed00274c3c354593c893dbb7264c6) Importer(815301076,1909f56bfc062723c751e8b465ee728b)  -> (artifact id: '1510a7f5227d1f618124090bd495ca13') in 0.008469 seconds 
========================================================================
Received Import Request.
  Time since last request: 1.795934 seconds.
  path: Packages/com.unity.2d.tilemap.extras/Editor/Brushes/LineBrush
  artifactKey: Guid(aebb69cf5dff0af40889258ae645be7a) Importer(815301076,1909f56bfc062723c751e8b465ee728b)
Start importing Packages/com.unity.2d.tilemap.extras/Editor/Brushes/LineBrush using Guid(aebb69cf5dff0af40889258ae645be7a) Importer(815301076,1909f56bfc062723c751e8b465ee728b)  -> (artifact id: 'f97a15a39e4494986716b0823791ab09') in 0.020379 seconds 
========================================================================
Received Import Request.
  Time since last request: 204.337439 seconds.
  path: Assets/CaveRuleTileScript.cs
  artifactKey: Guid(4c1b3ff5627091b4cb15f5977d8adb63) Importer(815301076,1909f56bfc062723c751e8b465ee728b)
Start importing Assets/CaveRuleTileScript.cs using Guid(4c1b3ff5627091b4cb15f5977d8adb63) Importer(815301076,1909f56bfc062723c751e8b465ee728b)  -> (artifact id: '5548fc55e5243771bf74e4388239452f') in 0.009636 seconds 
========================================================================
Received Import Request.
  Time since last request: 1054.872482 seconds.
  path: Assets/CaveRuleTileScript.cs
  artifactKey: Guid(4c1b3ff5627091b4cb15f5977d8adb63) Importer(815301076,1909f56bfc062723c751e8b465ee728b)
Start importing Assets/CaveRuleTileScript.cs using Guid(4c1b3ff5627091b4cb15f5977d8adb63) Importer(815301076,1909f56bfc062723c751e8b465ee728b)  -> (artifact id: 'ce91a728949b6941e51c8238a3edaee8') in 0.006092 seconds 
========================================================================
Received Prepare
Registering precompiled user dll's ...
Registered in 0.010488 seconds.
Begin MonoManager ReloadAssembly
Native extension for WindowsStandalone target not found
Refreshing native plugins compatible for Editor in 0.68 ms, found 3 plugins.
Preloading 0 native plugins for Editor in 0.00 ms.
Mono: successfully reloaded assembly
- Completed reload, in  1.195 seconds
Domain Reload Profiling:
	ReloadAssembly (1196ms)
		BeginReloadAssembly (214ms)
			ExecutionOrderSort (0ms)
			DisableScriptedObjects (7ms)
			BackupInstance (0ms)
			ReleaseScriptingObjects (0ms)
			CreateAndSetChildDomain (45ms)
		EndReloadAssembly (868ms)
			LoadAssemblies (126ms)
			RebuildTransferFunctionScriptingTraits (0ms)
			SetupTypeCache (210ms)
			ReleaseScriptCaches (1ms)
			RebuildScriptCaches (49ms)
			SetupLoadedEditorAssemblies (461ms)
				LogAssemblyErrors (0ms)
				InitializePlatformSupportModulesInManaged (14ms)
				SetLoadedEditorAssemblies (0ms)
				RefreshPlugins (1ms)
				BeforeProcessingInitializeOnLoad (78ms)
				ProcessInitializeOnLoadAttributes (306ms)
				ProcessInitializeOnLoadMethodAttributes (48ms)
				AfterProcessingInitializeOnLoad (13ms)
				EditorAssembliesLoaded (0ms)
			ExecutionOrderSort2 (0ms)
			AwakeInstancesAfterBackupRestoration (12ms)
Platform modules already initialized, skipping
Refreshing native plugins compatible for Editor in 2.86 ms, found 3 plugins.
Preloading 0 native plugins for Editor in 0.00 ms.
Unloading 2640 Unused Serialized files (Serialized files now loaded: 0)
Unloading 22 unused Assets / (95.5 KB). Loaded Objects now: 3146.
Memory consumption went from 121.1 MB to 121.0 MB.
Total: 3.443200 ms (FindLiveObjects: 0.199100 ms CreateObjectMapping: 0.100000 ms MarkObjects: 3.113100 ms  DeleteObjects: 0.029900 ms)

AssetImportParameters requested are different than current active one (requested -> active):
  custom:video-decoder-ogg-theora: a1e56fd34408186e4bbccfd4996cb3dc -> 
  custom:container-muxer-webm: aa71ff27fc2769a1b78a27578f13a17b -> 
  custom:container-demuxer-webm: 4f35f7cbe854078d1ac9338744f61a02 -> 
  custom:video-encoder-webm-vp8: eb34c28f22e8b96e1ab97ce403110664 -> 
  custom:audio-encoder-webm-vorbis: bf7c407c2cedff20999df2af8eb42d56 -> 
  custom:framework-win-MediaFoundation: 216162199b28c13a410421893ffa2e32 -> 
  custom:container-demuxer-ogg: 62fdf1f143b41e24485cea50d1cbac27 -> 
  custom:video-decoder-webm-vp8: 9c59270c3fd7afecdb556c50c9e8de78 -> 
  custom:audio-decoder-ogg-vorbis: bf7c407c2cedff20999df2af8eb42d56 -> 
========================================================================
Received Import Request.
  Time since last request: 69.127783 seconds.
  path: Assets/CaveRuleTileScript.cs
  artifactKey: Guid(4c1b3ff5627091b4cb15f5977d8adb63) Importer(815301076,1909f56bfc062723c751e8b465ee728b)
Start importing Assets/CaveRuleTileScript.cs using Guid(4c1b3ff5627091b4cb15f5977d8adb63) Importer(815301076,1909f56bfc062723c751e8b465ee728b)  -> (artifact id: '566385f55546d764b4acacb3744117b6') in 0.006578 seconds 
========================================================================
Received Prepare
Registering precompiled user dll's ...
Registered in 0.008961 seconds.
Begin MonoManager ReloadAssembly
Native extension for WindowsStandalone target not found
Refreshing native plugins compatible for Editor in 0.85 ms, found 3 plugins.
Preloading 0 native plugins for Editor in 0.00 ms.
Mono: successfully reloaded assembly
- Completed reload, in  1.221 seconds
Domain Reload Profiling:
	ReloadAssembly (1222ms)
		BeginReloadAssembly (147ms)
			ExecutionOrderSort (0ms)
			DisableScriptedObjects (9ms)
			BackupInstance (0ms)
			ReleaseScriptingObjects (0ms)
			CreateAndSetChildDomain (35ms)
		EndReloadAssembly (933ms)
			LoadAssemblies (101ms)
			RebuildTransferFunctionScriptingTraits (0ms)
			SetupTypeCache (227ms)
			ReleaseScriptCaches (1ms)
			RebuildScriptCaches (50ms)
			SetupLoadedEditorAssemblies (488ms)
				LogAssemblyErrors (0ms)
				InitializePlatformSupportModulesInManaged (70ms)
				SetLoadedEditorAssemblies (1ms)
				RefreshPlugins (1ms)
				BeforeProcessingInitializeOnLoad (85ms)
				ProcessInitializeOnLoadAttributes (267ms)
				ProcessInitializeOnLoadMethodAttributes (46ms)
				AfterProcessingInitializeOnLoad (18ms)
				EditorAssembliesLoaded (0ms)
			ExecutionOrderSort2 (0ms)
			AwakeInstancesAfterBackupRestoration (19ms)
Platform modules already initialized, skipping
Refreshing native plugins compatible for Editor in 3.61 ms, found 3 plugins.
Preloading 0 native plugins for Editor in 0.00 ms.
Unloading 2640 Unused Serialized files (Serialized files now loaded: 0)
Unloading 22 unused Assets / (95.3 KB). Loaded Objects now: 3161.
Memory consumption went from 121.1 MB to 121.0 MB.
Total: 4.551400 ms (FindLiveObjects: 0.238100 ms CreateObjectMapping: 0.167400 ms MarkObjects: 4.110300 ms  DeleteObjects: 0.033500 ms)

AssetImportParameters requested are different than current active one (requested -> active):
  custom:video-decoder-ogg-theora: a1e56fd34408186e4bbccfd4996cb3dc -> 
  custom:container-muxer-webm: aa71ff27fc2769a1b78a27578f13a17b -> 
  custom:container-demuxer-webm: 4f35f7cbe854078d1ac9338744f61a02 -> 
  custom:video-encoder-webm-vp8: eb34c28f22e8b96e1ab97ce403110664 -> 
  custom:audio-encoder-webm-vorbis: bf7c407c2cedff20999df2af8eb42d56 -> 
  custom:framework-win-MediaFoundation: 216162199b28c13a410421893ffa2e32 -> 
  custom:container-demuxer-ogg: 62fdf1f143b41e24485cea50d1cbac27 -> 
  custom:video-decoder-webm-vp8: 9c59270c3fd7afecdb556c50c9e8de78 -> 
  custom:audio-decoder-ogg-vorbis: bf7c407c2cedff20999df2af8eb42d56 -> 
========================================================================
Received Prepare
Registering precompiled user dll's ...
Registered in 0.009091 seconds.
Begin MonoManager ReloadAssembly
Native extension for WindowsStandalone target not found
Refreshing native plugins compatible for Editor in 0.70 ms, found 3 plugins.
Preloading 0 native plugins for Editor in 0.00 ms.
Mono: successfully reloaded assembly
- Completed reload, in  1.160 seconds
Domain Reload Profiling:
	ReloadAssembly (1162ms)
		BeginReloadAssembly (167ms)
			ExecutionOrderSort (1ms)
			DisableScriptedObjects (11ms)
			BackupInstance (0ms)
			ReleaseScriptingObjects (0ms)
			CreateAndSetChildDomain (45ms)
		EndReloadAssembly (874ms)
			LoadAssemblies (100ms)
			RebuildTransferFunctionScriptingTraits (0ms)
			SetupTypeCache (233ms)
			ReleaseScriptCaches (1ms)
			RebuildScriptCaches (50ms)
			SetupLoadedEditorAssemblies (436ms)
				LogAssemblyErrors (0ms)
				InitializePlatformSupportModulesInManaged (16ms)
				SetLoadedEditorAssemblies (0ms)
				RefreshPlugins (1ms)
				BeforeProcessingInitializeOnLoad (81ms)
				ProcessInitializeOnLoadAttributes (281ms)
				ProcessInitializeOnLoadMethodAttributes (45ms)
				AfterProcessingInitializeOnLoad (13ms)
				EditorAssembliesLoaded (0ms)
			ExecutionOrderSort2 (0ms)
			AwakeInstancesAfterBackupRestoration (10ms)
Platform modules already initialized, skipping
Refreshing native plugins compatible for Editor in 2.42 ms, found 3 plugins.
Preloading 0 native plugins for Editor in 0.00 ms.
Unloading 2640 Unused Serialized files (Serialized files now loaded: 0)
Unloading 22 unused Assets / (95.4 KB). Loaded Objects now: 3176.
Memory consumption went from 121.1 MB to 121.0 MB.
Total: 3.238000 ms (FindLiveObjects: 0.206000 ms CreateObjectMapping: 0.102500 ms MarkObjects: 2.892300 ms  DeleteObjects: 0.036000 ms)

AssetImportParameters requested are different than current active one (requested -> active):
  custom:video-decoder-ogg-theora: a1e56fd34408186e4bbccfd4996cb3dc -> 
  custom:container-muxer-webm: aa71ff27fc2769a1b78a27578f13a17b -> 
  custom:container-demuxer-webm: 4f35f7cbe854078d1ac9338744f61a02 -> 
  custom:video-encoder-webm-vp8: eb34c28f22e8b96e1ab97ce403110664 -> 
  custom:audio-encoder-webm-vorbis: bf7c407c2cedff20999df2af8eb42d56 -> 
  custom:framework-win-MediaFoundation: 216162199b28c13a410421893ffa2e32 -> 
  custom:container-demuxer-ogg: 62fdf1f143b41e24485cea50d1cbac27 -> 
  custom:video-decoder-webm-vp8: 9c59270c3fd7afecdb556c50c9e8de78 -> 
  custom:audio-decoder-ogg-vorbis: bf7c407c2cedff20999df2af8eb42d56 -> 
========================================================================
Received Import Request.
  Time since last request: 131.312215 seconds.
  path: Assets/CaveRuleTileScript.cs
  artifactKey: Guid(4c1b3ff5627091b4cb15f5977d8adb63) Importer(815301076,1909f56bfc062723c751e8b465ee728b)
Start importing Assets/CaveRuleTileScript.cs using Guid(4c1b3ff5627091b4cb15f5977d8adb63) Importer(815301076,1909f56bfc062723c751e8b465ee728b)  -> (artifact id: '1ead8880b0c69bb81da68f499060a289') in 0.009580 seconds 
========================================================================
Received Import Request.
  Time since last request: 22.946065 seconds.
  path: Assets/CustomAdvancedRuleTile.cs
  artifactKey: Guid(4c1b3ff5627091b4cb15f5977d8adb63) Importer(815301076,1909f56bfc062723c751e8b465ee728b)
Start importing Assets/CustomAdvancedRuleTile.cs using Guid(4c1b3ff5627091b4cb15f5977d8adb63) Importer(815301076,1909f56bfc062723c751e8b465ee728b)  -> (artifact id: 'f48dd58661d7043d5e542958aaf7914b') in 0.013860 seconds 
========================================================================
Received Prepare
Registering precompiled user dll's ...
Registered in 0.009779 seconds.
Begin MonoManager ReloadAssembly
Native extension for WindowsStandalone target not found
Refreshing native plugins compatible for Editor in 0.68 ms, found 3 plugins.
Preloading 0 native plugins for Editor in 0.00 ms.
Mono: successfully reloaded assembly
- Completed reload, in  1.162 seconds
Domain Reload Profiling:
	ReloadAssembly (1162ms)
		BeginReloadAssembly (174ms)
			ExecutionOrderSort (0ms)
			DisableScriptedObjects (12ms)
			BackupInstance (0ms)
			ReleaseScriptingObjects (0ms)
			CreateAndSetChildDomain (57ms)
		EndReloadAssembly (875ms)
			LoadAssemblies (98ms)
			RebuildTransferFunctionScriptingTraits (0ms)
			SetupTypeCache (224ms)
			ReleaseScriptCaches (1ms)
			RebuildScriptCaches (55ms)
			SetupLoadedEditorAssemblies (446ms)
				LogAssemblyErrors (0ms)
				InitializePlatformSupportModulesInManaged (14ms)
				SetLoadedEditorAssemblies (0ms)
				RefreshPlugins (1ms)
				BeforeProcessingInitializeOnLoad (89ms)
				ProcessInitializeOnLoadAttributes (270ms)
				ProcessInitializeOnLoadMethodAttributes (53ms)
				AfterProcessingInitializeOnLoad (18ms)
				EditorAssembliesLoaded (0ms)
			ExecutionOrderSort2 (0ms)
			AwakeInstancesAfterBackupRestoration (10ms)
Platform modules already initialized, skipping
Refreshing native plugins compatible for Editor in 2.61 ms, found 3 plugins.
Preloading 0 native plugins for Editor in 0.00 ms.
Unloading 2640 Unused Serialized files (Serialized files now loaded: 0)
Unloading 22 unused Assets / (95.3 KB). Loaded Objects now: 3191.
Memory consumption went from 121.1 MB to 121.0 MB.
Total: 3.071000 ms (FindLiveObjects: 0.227400 ms CreateObjectMapping: 0.132400 ms MarkObjects: 2.617000 ms  DeleteObjects: 0.093000 ms)

AssetImportParameters requested are different than current active one (requested -> active):
  custom:video-decoder-ogg-theora: a1e56fd34408186e4bbccfd4996cb3dc -> 
  custom:container-muxer-webm: aa71ff27fc2769a1b78a27578f13a17b -> 
  custom:container-demuxer-webm: 4f35f7cbe854078d1ac9338744f61a02 -> 
  custom:video-encoder-webm-vp8: eb34c28f22e8b96e1ab97ce403110664 -> 
  custom:audio-encoder-webm-vorbis: bf7c407c2cedff20999df2af8eb42d56 -> 
  custom:framework-win-MediaFoundation: 216162199b28c13a410421893ffa2e32 -> 
  custom:container-demuxer-ogg: 62fdf1f143b41e24485cea50d1cbac27 -> 
  custom:video-decoder-webm-vp8: 9c59270c3fd7afecdb556c50c9e8de78 -> 
  custom:audio-decoder-ogg-vorbis: bf7c407c2cedff20999df2af8eb42d56 -> 
========================================================================
Received Import Request.
  Time since last request: 32.394005 seconds.
  path: Assets/CustomAdvancedRuleTile.cs
  artifactKey: Guid(4c1b3ff5627091b4cb15f5977d8adb63) Importer(815301076,1909f56bfc062723c751e8b465ee728b)
Start importing Assets/CustomAdvancedRuleTile.cs using Guid(4c1b3ff5627091b4cb15f5977d8adb63) Importer(815301076,1909f56bfc062723c751e8b465ee728b)  -> (artifact id: 'f33dc36672d96f71a31cdc6e4edbcb31') in 0.007403 seconds 
========================================================================
Received Prepare
Registering precompiled user dll's ...
Registered in 0.015939 seconds.
Begin MonoManager ReloadAssembly
Native extension for WindowsStandalone target not found
Refreshing native plugins compatible for Editor in 0.82 ms, found 3 plugins.
Preloading 0 native plugins for Editor in 0.00 ms.
Mono: successfully reloaded assembly
- Completed reload, in  1.454 seconds
Domain Reload Profiling:
	ReloadAssembly (1454ms)
		BeginReloadAssembly (169ms)
			ExecutionOrderSort (0ms)
			DisableScriptedObjects (7ms)
			BackupInstance (0ms)
			ReleaseScriptingObjects (0ms)
			CreateAndSetChildDomain (44ms)
		EndReloadAssembly (1157ms)
			LoadAssemblies (113ms)
			RebuildTransferFunctionScriptingTraits (0ms)
			SetupTypeCache (290ms)
			ReleaseScriptCaches (1ms)
			RebuildScriptCaches (55ms)
			SetupLoadedEditorAssemblies (656ms)
				LogAssemblyErrors (0ms)
				InitializePlatformSupportModulesInManaged (20ms)
				SetLoadedEditorAssemblies (1ms)
				RefreshPlugins (1ms)
				BeforeProcessingInitializeOnLoad (106ms)
				ProcessInitializeOnLoadAttributes (469ms)
				ProcessInitializeOnLoadMethodAttributes (46ms)
				AfterProcessingInitializeOnLoad (13ms)
				EditorAssembliesLoaded (0ms)
			ExecutionOrderSort2 (0ms)
			AwakeInstancesAfterBackupRestoration (11ms)
Platform modules already initialized, skipping
Refreshing native plugins compatible for Editor in 3.29 ms, found 3 plugins.
Preloading 0 native plugins for Editor in 0.00 ms.
Unloading 2640 Unused Serialized files (Serialized files now loaded: 0)
Unloading 22 unused Assets / (95.4 KB). Loaded Objects now: 3206.
Memory consumption went from 121.1 MB to 121.0 MB.
Total: 3.999400 ms (FindLiveObjects: 0.241200 ms CreateObjectMapping: 0.163300 ms MarkObjects: 3.500400 ms  DeleteObjects: 0.093300 ms)

AssetImportParameters requested are different than current active one (requested -> active):
  custom:video-decoder-ogg-theora: a1e56fd34408186e4bbccfd4996cb3dc -> 
  custom:container-muxer-webm: aa71ff27fc2769a1b78a27578f13a17b -> 
  custom:container-demuxer-webm: 4f35f7cbe854078d1ac9338744f61a02 -> 
  custom:video-encoder-webm-vp8: eb34c28f22e8b96e1ab97ce403110664 -> 
  custom:audio-encoder-webm-vorbis: bf7c407c2cedff20999df2af8eb42d56 -> 
  custom:framework-win-MediaFoundation: 216162199b28c13a410421893ffa2e32 -> 
  custom:container-demuxer-ogg: 62fdf1f143b41e24485cea50d1cbac27 -> 
  custom:video-decoder-webm-vp8: 9c59270c3fd7afecdb556c50c9e8de78 -> 
  custom:audio-decoder-ogg-vorbis: bf7c407c2cedff20999df2af8eb42d56 -> 
========================================================================
Received Prepare
Registering precompiled user dll's ...
Registered in 0.010819 seconds.
Begin MonoManager ReloadAssembly
Native extension for WindowsStandalone target not found
Refreshing native plugins compatible for Editor in 0.86 ms, found 3 plugins.
Preloading 0 native plugins for Editor in 0.00 ms.
Mono: successfully reloaded assembly
- Completed reload, in  1.259 seconds
Domain Reload Profiling:
	ReloadAssembly (1260ms)
		BeginReloadAssembly (208ms)
			ExecutionOrderSort (0ms)
			DisableScriptedObjects (7ms)
			BackupInstance (0ms)
			ReleaseScriptingObjects (0ms)
			CreateAndSetChildDomain (35ms)
		EndReloadAssembly (929ms)
			LoadAssemblies (167ms)
			RebuildTransferFunctionScriptingTraits (0ms)
			SetupTypeCache (216ms)
			ReleaseScriptCaches (16ms)
			RebuildScriptCaches (59ms)
			SetupLoadedEditorAssemblies (463ms)
				LogAssemblyErrors (0ms)
				InitializePlatformSupportModulesInManaged (14ms)
				SetLoadedEditorAssemblies (0ms)
				RefreshPlugins (1ms)
				BeforeProcessingInitializeOnLoad (87ms)
				ProcessInitializeOnLoadAttributes (305ms)
				ProcessInitializeOnLoadMethodAttributes (42ms)
				AfterProcessingInitializeOnLoad (13ms)
				EditorAssembliesLoaded (0ms)
			ExecutionOrderSort2 (0ms)
			AwakeInstancesAfterBackupRestoration (10ms)
Platform modules already initialized, skipping
Refreshing native plugins compatible for Editor in 4.11 ms, found 3 plugins.
Preloading 0 native plugins for Editor in 0.00 ms.
Unloading 2640 Unused Serialized files (Serialized files now loaded: 0)
Unloading 22 unused Assets / (95.4 KB). Loaded Objects now: 3221.
Memory consumption went from 121.1 MB to 121.0 MB.
Total: 9.942600 ms (FindLiveObjects: 0.552300 ms CreateObjectMapping: 2.833200 ms MarkObjects: 6.452700 ms  DeleteObjects: 0.102700 ms)

AssetImportParameters requested are different than current active one (requested -> active):
  custom:video-decoder-ogg-theora: a1e56fd34408186e4bbccfd4996cb3dc -> 
  custom:container-muxer-webm: aa71ff27fc2769a1b78a27578f13a17b -> 
  custom:container-demuxer-webm: 4f35f7cbe854078d1ac9338744f61a02 -> 
  custom:video-encoder-webm-vp8: eb34c28f22e8b96e1ab97ce403110664 -> 
  custom:audio-encoder-webm-vorbis: bf7c407c2cedff20999df2af8eb42d56 -> 
  custom:framework-win-MediaFoundation: 216162199b28c13a410421893ffa2e32 -> 
  custom:container-demuxer-ogg: 62fdf1f143b41e24485cea50d1cbac27 -> 
  custom:video-decoder-webm-vp8: 9c59270c3fd7afecdb556c50c9e8de78 -> 
  custom:audio-decoder-ogg-vorbis: bf7c407c2cedff20999df2af8eb42d56 -> 
